Arguments: 
  C:\Program Files\nodejs\node.exe C:\Users\Muhammad Khuram\AppData\Roaming\npm\node_modules\yarn\bin\yarn.js i

PATH: 
  C:\Python311\Scripts\;C:\Python311\;C:\Program Files (x86)\VMware\VMware Workstation\bin\;C:\windows\system32;C:\windows;C:\windows\System32\Wbem;C:\windows\System32\WindowsPowerShell\v1.0\;C:\windows\System32\OpenSSH\;C:\Program Files (x86)\NVIDIA Corporation\PhysX\Common;C:\Program Files\NVIDIA Corporation\NVIDIA NvDLISR;C:\MinGW\bin;C:\WINDOWS\system32;C:\WINDOWS;C:\WINDOWS\System32\Wbem;C:\WINDOWS\System32\WindowsPowerShell\v1.0\;C:\WINDOWS\System32\OpenSSH\;C:\MinGW\bin;C:\Program Files\Git\cmd;C:\Program Files\swipl\bin;C:\ProgramData\chocolatey\bin;C:\Program Files\nodejs\;C:\Users\Muhammad Khuram\AppData\Local\Microsoft\WindowsApps;C:\Users\Muhammad Khuram\AppData\Local\Programs\Microsoft VS Code\bin;C:\Program Files\nodejs\;C:\Users\Muhammad Khuram\AppData\Roaming\npm

Yarn version: 
  1.22.19

Node version: 
  20.3.0

Platform: 
  win32 x64

Trace: 
  SyntaxError: D:\Portfolio\GITHUB\Calculator\microapp-boilerplate\package.json: Expected double-quoted property name in JSON at position 864
      at JSON.parse (<anonymous>)
      at C:\Users\Muhammad Khuram\AppData\Roaming\npm\node_modules\yarn\lib\cli.js:1629:59
      at Generator.next (<anonymous>)
      at step (C:\Users\Muhammad Khuram\AppData\Roaming\npm\node_modules\yarn\lib\cli.js:310:30)
      at C:\Users\Muhammad Khuram\AppData\Roaming\npm\node_modules\yarn\lib\cli.js:321:13

npm manifest: 
  {
    "name": "microapp-test-cli",
    "version": "0.1.0",
    "private": true,
    "scripts": {
      "test": "vitest",
      "dev": "next dev",
      "build": "next build",
      "start": "next start",
      "lint": "next lint",
      "prepare": "husky install"
    },
    "dependencies": {
      "@emotion/react": "11.11.0",
      "@emotion/server": "11.11.0",
      "@mantine/core": "6.0.13",
      "@mantine/form": "^6.0.19",
      "@mantine/hooks": "6.0.13",
      "@mantine/next": "6.0.13",
      "@module-federation/nextjs-mf": "7.0.7",
      "@react-icons/all-files": "^4.1.0",
      "eslint": "8.33.0",
      "eslint-config-next": "13.4.13",
      "next": "13.4.13",
      "react": "18.2.0",
      "react-dom": "18.2.0",
      "react-icons": "^4.10.1",
      "typescript": "5.0.4",
      "webpack": "5.88.2"
    },
    "devDependencies": {
      "@testing-library/react": "^14.0.0",
      "@types/node": "20.2.5",
      // "@types/react": "18.2.7",
      // "@types/react-dom": "18.2.4",
      "@types/react": "^18.0.10",
      "@types/react-dom": "^18.0.5",
      "@typescript-eslint/eslint-plugin": "5.59.8",
      "@vitejs/plugin-react": "^4.0.4",
      "eslint-config-prettier": "8.8.0",
      "husky": "8.0.3",
      "jsdom": "^22.1.0",
      "lint-staged": "13.2.2",
      "prettier": "2.8.8",
      "vite-tsconfig-paths": "^4.2.0",
      "vitest": "^0.34.2"
    }
  }

yarn manifest: 
  No manifest

Lockfile: 
  # THIS IS AN AUTOGENERATED FILE. DO NOT EDIT THIS FILE DIRECTLY.
  # yarn lockfile v1
